<?xml version="1.0" encoding="UTF-8"?>
<!-- Generated by org.testng.reporters.JUnitXMLReporter -->
<testsuite hostname="DESKTOP-STB771G" ignored="0" name="Command line test" tests="3" failures="0" timestamp="30 אוק 2018 18:26:24 GMT" time="75.219" errors="0">
  <testcase name="Test1" time="13.377" classname="com.radwin.test.RadwinTest"/>
  <testcase name="Test2" time="15.174" classname="com.radwin.test.RadwinTest"/>
  <testcase name="Test3" time="17.794" classname="com.radwin.test.RadwinTest"/>
</testsuite> <!-- Command line test -->
